<?xml version="1.0" encoding="UTF-8"?>
<testsuite xmlns:xsi="http://www.w3.org/2001/XMLSchema-instance" xsi:noNamespaceSchemaLocation="https://maven.apache.org/surefire/maven-surefire-plugin/xsd/surefire-test-report-3.0.xsd" version="3.0" name="TestSuite" time="898.46" tests="1" errors="0" skipped="0" failures="1">
  <properties>
    <property name="java.specification.version" value="17"/>
    <property name="webdriver.chrome.driver" value="C:\Users\TRACK\.cache\selenium\chromedriver\win64\129.0.6668.89\chromedriver.exe"/>
    <property name="sun.cpu.isalist" value="amd64"/>
    <property name="sun.jnu.encoding" value="Cp1252"/>
    <property name="java.class.path" value="D:\SEDGE_New\target\test-classes;D:\SEDGE_New\target\classes;C:\Users\TRACK\.m2\repository\org\testng\testng\6.9.10\testng-6.9.10.jar;C:\Users\TRACK\.m2\repository\org\beanshell\bsh\2.0b4\bsh-2.0b4.jar;C:\Users\TRACK\.m2\repository\commons-io\commons-io\2.5\commons-io-2.5.jar;C:\Users\TRACK\.m2\repository\org\ghost4j\ghost4j\1.0.1\ghost4j-1.0.1.jar;C:\Users\TRACK\.m2\repository\log4j\log4j\1.2.17\log4j-1.2.17.jar;C:\Users\TRACK\.m2\repository\commons-beanutils\commons-beanutils\1.9.2\commons-beanutils-1.9.2.jar;C:\Users\TRACK\.m2\repository\commons-collections\commons-collections\3.2.1\commons-collections-3.2.1.jar;C:\Users\TRACK\.m2\repository\org\apache\xmlgraphics\xmlgraphics-commons\1.4\xmlgraphics-commons-1.4.jar;C:\Users\TRACK\.m2\repository\com\lowagie\itext\2.1.7\itext-2.1.7.jar;C:\Users\TRACK\.m2\repository\com\github\jai-imageio\jai-imageio-core\1.3.0\jai-imageio-core-1.3.0.jar;C:\Users\TRACK\.m2\repository\net\java\dev\jna\jna\4.1.0\jna-4.1.0.jar;C:\Users\TRACK\.m2\repository\net\sourceforge\lept4j\lept4j\1.6.1\lept4j-1.6.1.jar;C:\Users\TRACK\.m2\repository\net\sourceforge\tess4j\tess4j\3.4.1\tess4j-3.4.1.jar;C:\Users\TRACK\.m2\repository\org\jboss\jboss-vfs\3.2.12.Final\jboss-vfs-3.2.12.Final.jar;C:\Users\TRACK\.m2\repository\org\jboss\logging\jboss-logging\3.1.4.GA\jboss-logging-3.1.4.GA.jar;C:\Users\TRACK\.m2\repository\ch\qos\logback\logback-classic\1.2.3\logback-classic-1.2.3.jar;C:\Users\TRACK\.m2\repository\ch\qos\logback\logback-core\1.2.3\logback-core-1.2.3.jar;C:\Users\TRACK\.m2\repository\org\slf4j\jul-to-slf4j\1.7.25\jul-to-slf4j-1.7.25.jar;C:\Users\TRACK\.m2\repository\org\slf4j\jcl-over-slf4j\1.7.25\jcl-over-slf4j-1.7.25.jar;C:\Users\TRACK\.m2\repository\org\slf4j\log4j-over-slf4j\1.7.25\log4j-over-slf4j-1.7.25.jar;C:\Users\TRACK\.m2\repository\javax\servlet\javax.servlet-api\4.0.0-b07\javax.servlet-api-4.0.0-b07.jar;C:\Users\TRACK\.m2\repository\com\beust\jcommander\1.72\jcommander-1.72.jar;C:\Users\TRACK\.m2\repository\org\seleniumhq\selenium\selenium-java\3.10.0\selenium-java-3.10.0.jar;C:\Users\TRACK\.m2\repository\org\seleniumhq\selenium\selenium-api\3.10.0\selenium-api-3.10.0.jar;C:\Users\TRACK\.m2\repository\org\seleniumhq\selenium\selenium-edge-driver\3.10.0\selenium-edge-driver-3.10.0.jar;C:\Users\TRACK\.m2\repository\org\seleniumhq\selenium\selenium-opera-driver\3.10.0\selenium-opera-driver-3.10.0.jar;C:\Users\TRACK\.m2\repository\org\seleniumhq\selenium\selenium-remote-driver\3.10.0\selenium-remote-driver-3.10.0.jar;C:\Users\TRACK\.m2\repository\org\seleniumhq\selenium\selenium-safari-driver\3.10.0\selenium-safari-driver-3.10.0.jar;C:\Users\TRACK\.m2\repository\org\seleniumhq\selenium\selenium-support\3.10.0\selenium-support-3.10.0.jar;C:\Users\TRACK\.m2\repository\net\bytebuddy\byte-buddy\1.7.9\byte-buddy-1.7.9.jar;C:\Users\TRACK\.m2\repository\org\apache\commons\commons-exec\1.3\commons-exec-1.3.jar;C:\Users\TRACK\.m2\repository\commons-codec\commons-codec\1.10\commons-codec-1.10.jar;C:\Users\TRACK\.m2\repository\commons-logging\commons-logging\1.2\commons-logging-1.2.jar;C:\Users\TRACK\.m2\repository\com\google\code\gson\gson\2.8.2\gson-2.8.2.jar;C:\Users\TRACK\.m2\repository\com\google\guava\guava\23.6-jre\guava-23.6-jre.jar;C:\Users\TRACK\.m2\repository\com\google\code\findbugs\jsr305\1.3.9\jsr305-1.3.9.jar;C:\Users\TRACK\.m2\repository\org\checkerframework\checker-compat-qual\2.0.0\checker-compat-qual-2.0.0.jar;C:\Users\TRACK\.m2\repository\com\google\errorprone\error_prone_annotations\2.1.3\error_prone_annotations-2.1.3.jar;C:\Users\TRACK\.m2\repository\com\google\j2objc\j2objc-annotations\1.1\j2objc-annotations-1.1.jar;C:\Users\TRACK\.m2\repository\org\codehaus\mojo\animal-sniffer-annotations\1.14\animal-sniffer-annotations-1.14.jar;C:\Users\TRACK\.m2\repository\org\apache\httpcomponents\httpcore\4.4.6\httpcore-4.4.6.jar;C:\Users\TRACK\.m2\repository\com\squareup\okhttp3\okhttp\3.9.1\okhttp-3.9.1.jar;C:\Users\TRACK\.m2\repository\com\squareup\okio\okio\1.13.0\okio-1.13.0.jar;C:\Users\TRACK\.m2\repository\xml-apis\xml-apis\1.4.01\xml-apis-1.4.01.jar;C:\Users\TRACK\.m2\repository\jfree\jfreechart\1.0.13\jfreechart-1.0.13.jar;C:\Users\TRACK\.m2\repository\jfree\jcommon\1.0.16\jcommon-1.0.16.jar;C:\Users\TRACK\.m2\repository\org\seleniumhq\selenium\selenium-server\3.10.0\selenium-server-3.10.0.jar;C:\Users\TRACK\.m2\repository\org\apache\commons\commons-lang3\3.7\commons-lang3-3.7.jar;C:\Users\TRACK\.m2\repository\org\apache\commons\commons-text\1.1\commons-text-1.1.jar;C:\Users\TRACK\.m2\repository\commons-net\commons-net\3.6\commons-net-3.6.jar;C:\Users\TRACK\.m2\repository\org\w3c\css\sac\1.3\sac-1.3.jar;C:\Users\TRACK\.m2\repository\net\sourceforge\cssparser\cssparser\0.9.24\cssparser-0.9.24.jar;C:\Users\TRACK\.m2\repository\net\sourceforge\htmlunit\htmlunit\2.29\htmlunit-2.29.jar;C:\Users\TRACK\.m2\repository\net\sourceforge\htmlunit\htmlunit-core-js\2.28\htmlunit-core-js-2.28.jar;C:\Users\TRACK\.m2\repository\net\sourceforge\htmlunit\neko-htmlunit\2.28\neko-htmlunit-2.28.jar;C:\Users\TRACK\.m2\repository\org\apache\httpcomponents\httpmime\4.5.3\httpmime-4.5.3.jar;C:\Users\TRACK\.m2\repository\net\jcip\jcip-annotations\1.0\jcip-annotations-1.0.jar;C:\Users\TRACK\.m2\repository\org\seleniumhq\selenium\jetty-repacked\9.4.7.v20171121\jetty-repacked-9.4.7.v20171121.jar;C:\Users\TRACK\.m2\repository\org\eclipse\jetty\jetty-client\9.4.7.v20170914\jetty-client-9.4.7.v20170914.jar;C:\Users\TRACK\.m2\repository\org\eclipse\jetty\jetty-http\9.4.8.v20171121\jetty-http-9.4.8.v20171121.jar;C:\Users\TRACK\.m2\repository\org\eclipse\jetty\jetty-io\9.4.8.v20171121\jetty-io-9.4.8.v20171121.jar;C:\Users\TRACK\.m2\repository\org\eclipse\jetty\jetty-util\9.4.8.v20171121\jetty-util-9.4.8.v20171121.jar;C:\Users\TRACK\.m2\repository\org\eclipse\jetty\jetty-xml\9.4.7.v20170914\jetty-xml-9.4.7.v20170914.jar;C:\Users\TRACK\.m2\repository\org\seleniumhq\selenium\htmlunit-driver\2.29.0\htmlunit-driver-2.29.0.jar;C:\Users\TRACK\.m2\repository\org\eclipse\jetty\websocket\websocket-api\9.4.7.v20170914\websocket-api-9.4.7.v20170914.jar;C:\Users\TRACK\.m2\repository\org\eclipse\jetty\websocket\websocket-client\9.4.7.v20170914\websocket-client-9.4.7.v20170914.jar;C:\Users\TRACK\.m2\repository\org\eclipse\jetty\websocket\websocket-common\9.4.7.v20170914\websocket-common-9.4.7.v20170914.jar;C:\Users\TRACK\.m2\repository\xalan\serializer\2.7.2\serializer-2.7.2.jar;C:\Users\TRACK\.m2\repository\xalan\xalan\2.7.2\xalan-2.7.2.jar;C:\Users\TRACK\.m2\repository\xerces\xercesImpl\2.11.0\xercesImpl-2.11.0.jar;C:\Users\TRACK\.m2\repository\org\yaml\snakeyaml\1.19\snakeyaml-1.19.jar;C:\Users\TRACK\.m2\repository\junit\junit\4.11\junit-4.11.jar;C:\Users\TRACK\.m2\repository\org\hamcrest\hamcrest-core\1.3\hamcrest-core-1.3.jar;C:\Users\TRACK\.m2\repository\org\seleniumhq\selenium\selenium-firefox-driver\3.10.0\selenium-firefox-driver-3.10.0.jar;C:\Users\TRACK\.m2\repository\org\seleniumhq\selenium\selenium-chrome-driver\3.10.0\selenium-chrome-driver-3.10.0.jar;C:\Users\TRACK\.m2\repository\org\seleniumhq\selenium\selenium-ie-driver\3.10.0\selenium-ie-driver-3.10.0.jar;C:\Users\TRACK\.m2\repository\org\apache\poi\poi-ooxml\3.16\poi-ooxml-3.16.jar;C:\Users\TRACK\.m2\repository\org\apache\poi\poi\3.16\poi-3.16.jar;C:\Users\TRACK\.m2\repository\org\apache\commons\commons-collections4\4.1\commons-collections4-4.1.jar;C:\Users\TRACK\.m2\repository\org\apache\poi\poi-ooxml-schemas\3.16\poi-ooxml-schemas-3.16.jar;C:\Users\TRACK\.m2\repository\org\apache\xmlbeans\xmlbeans\2.6.0\xmlbeans-2.6.0.jar;C:\Users\TRACK\.m2\repository\stax\stax-api\1.0.1\stax-api-1.0.1.jar;C:\Users\TRACK\.m2\repository\com\github\virtuald\curvesapi\1.04\curvesapi-1.04.jar;C:\Users\TRACK\.m2\repository\org\slf4j\slf4j-api\1.7.25\slf4j-api-1.7.25.jar;C:\Users\TRACK\.m2\repository\org\json\json\20090211\json-20090211.jar;C:\Users\TRACK\.m2\repository\org\apache\httpcomponents\httpclient\4.5.2\httpclient-4.5.2.jar;C:\Users\TRACK\.m2\repository\org\freemarker\freemarker\2.3.32\freemarker-2.3.32.jar;C:\Users\TRACK\.m2\repository\org\bytedeco\javacpp-presets\tesseract\3.03-rc1-0.11\tesseract-3.03-rc1-0.11.jar;C:\Users\TRACK\.m2\repository\org\bytedeco\javacpp-presets\leptonica\1.71-0.11\leptonica-1.71-0.11.jar;C:\Users\TRACK\.m2\repository\org\bytedeco\javacpp-presets\leptonica\1.71-0.11\leptonica-1.71-0.11-windows-x86_64.jar;C:\Users\TRACK\.m2\repository\org\bytedeco\javacpp\0.11\javacpp-0.11.jar;C:\Users\TRACK\.m2\repository\org\bytedeco\javacpp-presets\tesseract\3.03-rc1-0.11\tesseract-3.03-rc1-0.11-windows-x86_64.jar;C:\Users\TRACK\.m2\repository\com\jayway\restassured\rest-assured\2.9.0\rest-assured-2.9.0.jar;C:\Users\TRACK\.m2\repository\org\codehaus\groovy\groovy\2.4.4\groovy-2.4.4.jar;C:\Users\TRACK\.m2\repository\org\codehaus\groovy\groovy-xml\2.4.4\groovy-xml-2.4.4.jar;C:\Users\TRACK\.m2\repository\org\hamcrest\hamcrest-library\1.3\hamcrest-library-1.3.jar;C:\Users\TRACK\.m2\repository\org\ccil\cowan\tagsoup\tagsoup\1.2.1\tagsoup-1.2.1.jar;C:\Users\TRACK\.m2\repository\com\jayway\restassured\json-path\2.9.0\json-path-2.9.0.jar;C:\Users\TRACK\.m2\repository\com\jayway\restassured\rest-assured-common\2.9.0\rest-assured-common-2.9.0.jar;C:\Users\TRACK\.m2\repository\com\jayway\restassured\xml-path\2.9.0\xml-path-2.9.0.jar;C:\Users\TRACK\.m2\repository\javax\xml\bind\jaxb-api\2.3.0\jaxb-api-2.3.0.jar;C:\Users\TRACK\.m2\repository\com\applitools\eyes-selenium-java5\5.39.0\eyes-selenium-java5-5.39.0.jar;C:\Users\TRACK\.m2\repository\com\applitools\eyes-common-java5\5.39.0\eyes-common-java5-5.39.0.jar;C:\Users\TRACK\.m2\repository\org\imgscalr\imgscalr-lib\4.2\imgscalr-lib-4.2.jar;C:\Users\TRACK\.m2\repository\com\fasterxml\jackson\core\jackson-databind\2.13.3\jackson-databind-2.13.3.jar;C:\Users\TRACK\.m2\repository\com\fasterxml\jackson\core\jackson-annotations\2.13.3\jackson-annotations-2.13.3.jar;C:\Users\TRACK\.m2\repository\com\fasterxml\jackson\core\jackson-core\2.13.3\jackson-core-2.13.3.jar;C:\Users\TRACK\.m2\repository\org\jsoup\jsoup\1.8.3\jsoup-1.8.3.jar;C:\Users\TRACK\.m2\repository\com\applitools\eyes-selenium-common-java5\5.39.0\eyes-selenium-common-java5-5.39.0.jar;C:\Users\TRACK\.m2\repository\com\applitools\eyes-sdk-core-java5\5.39.0\eyes-sdk-core-java5-5.39.0.jar;C:\Users\TRACK\.m2\repository\com\applitools\eyes-ufg-java5\5.39.0\eyes-ufg-java5-5.39.0.jar;C:\Users\TRACK\.m2\repository\com\applitools\eyes-connectivity-java5\5.39.0\eyes-connectivity-java5-5.39.0.jar;C:\Users\TRACK\.m2\repository\com\applitools\eyes-connectivity-java5-jersey2x\5.39.0\eyes-connectivity-java5-jersey2x-5.39.0.jar;C:\Users\TRACK\.m2\repository\org\glassfish\jersey\connectors\jersey-apache-connector\2.29\jersey-apache-connector-2.29.jar;C:\Users\TRACK\.m2\repository\org\glassfish\jersey\core\jersey-common\2.29\jersey-common-2.29.jar;C:\Users\TRACK\.m2\repository\jakarta\annotation\jakarta.annotation-api\1.3.4\jakarta.annotation-api-1.3.4.jar;C:\Users\TRACK\.m2\repository\org\glassfish\hk2\osgi-resource-locator\1.0.3\osgi-resource-locator-1.0.3.jar;C:\Users\TRACK\.m2\repository\jakarta\ws\rs\jakarta.ws.rs-api\2.1.5\jakarta.ws.rs-api-2.1.5.jar;C:\Users\TRACK\.m2\repository\org\glassfish\jersey\core\jersey-client\2.29\jersey-client-2.29.jar;C:\Users\TRACK\.m2\repository\org\glassfish\hk2\external\jakarta.inject\2.5.0\jakarta.inject-2.5.0.jar;C:\Users\TRACK\.m2\repository\org\glassfish\jersey\inject\jersey-hk2\2.29\jersey-hk2-2.29.jar;C:\Users\TRACK\.m2\repository\org\glassfish\hk2\hk2-locator\2.5.0\hk2-locator-2.5.0.jar;C:\Users\TRACK\.m2\repository\org\glassfish\hk2\external\aopalliance-repackaged\2.5.0\aopalliance-repackaged-2.5.0.jar;C:\Users\TRACK\.m2\repository\org\glassfish\hk2\hk2-api\2.5.0\hk2-api-2.5.0.jar;C:\Users\TRACK\.m2\repository\org\glassfish\hk2\hk2-utils\2.5.0\hk2-utils-2.5.0.jar;C:\Users\TRACK\.m2\repository\org\javassist\javassist\3.22.0-CR2\javassist-3.22.0-CR2.jar;C:\Users\TRACK\.m2\repository\javax\websocket\javax.websocket-client-api\1.1\javax.websocket-client-api-1.1.jar;C:\Users\TRACK\.m2\repository\org\asynchttpclient\async-http-client\2.12.3\async-http-client-2.12.3.jar;C:\Users\TRACK\.m2\repository\org\asynchttpclient\async-http-client-netty-utils\2.12.3\async-http-client-netty-utils-2.12.3.jar;C:\Users\TRACK\.m2\repository\io\netty\netty-buffer\4.1.60.Final\netty-buffer-4.1.60.Final.jar;C:\Users\TRACK\.m2\repository\io\netty\netty-codec-http\4.1.60.Final\netty-codec-http-4.1.60.Final.jar;C:\Users\TRACK\.m2\repository\io\netty\netty-common\4.1.60.Final\netty-common-4.1.60.Final.jar;C:\Users\TRACK\.m2\repository\io\netty\netty-transport\4.1.60.Final\netty-transport-4.1.60.Final.jar;C:\Users\TRACK\.m2\repository\io\netty\netty-codec\4.1.60.Final\netty-codec-4.1.60.Final.jar;C:\Users\TRACK\.m2\repository\io\netty\netty-handler\4.1.60.Final\netty-handler-4.1.60.Final.jar;C:\Users\TRACK\.m2\repository\io\netty\netty-resolver\4.1.60.Final\netty-resolver-4.1.60.Final.jar;C:\Users\TRACK\.m2\repository\io\netty\netty-codec-socks\4.1.60.Final\netty-codec-socks-4.1.60.Final.jar;C:\Users\TRACK\.m2\repository\io\netty\netty-handler-proxy\4.1.60.Final\netty-handler-proxy-4.1.60.Final.jar;C:\Users\TRACK\.m2\repository\io\netty\netty-transport-native-epoll\4.1.60.Final\netty-transport-native-epoll-4.1.60.Final-linux-x86_64.jar;C:\Users\TRACK\.m2\repository\io\netty\netty-transport-native-unix-common\4.1.60.Final\netty-transport-native-unix-common-4.1.60.Final.jar;C:\Users\TRACK\.m2\repository\io\netty\netty-transport-native-kqueue\4.1.60.Final\netty-transport-native-kqueue-4.1.60.Final-osx-x86_64.jar;C:\Users\TRACK\.m2\repository\com\typesafe\netty\netty-reactive-streams\2.0.4\netty-reactive-streams-2.0.4.jar;C:\Users\TRACK\.m2\repository\com\sun\activation\jakarta.activation\1.2.2\jakarta.activation-1.2.2.jar;C:\Users\TRACK\.m2\repository\com\applitools\eyes-universal-core\5.39.0\eyes-universal-core-5.39.0.jar;C:\Users\TRACK\.m2\repository\com\helger\ph-css\6.1.1\ph-css-6.1.1.jar;C:\Users\TRACK\.m2\repository\com\helger\ph-commons\9.0.2\ph-commons-9.0.2.jar;C:\Users\TRACK\.m2\repository\io\github\bonigarcia\webdrivermanager\5.6.3\webdrivermanager-5.6.3.jar;C:\Users\TRACK\.m2\repository\com\github\docker-java\docker-java\3.3.4\docker-java-3.3.4.jar;C:\Users\TRACK\.m2\repository\com\github\docker-java\docker-java-core\3.3.4\docker-java-core-3.3.4.jar;C:\Users\TRACK\.m2\repository\com\github\docker-java\docker-java-api\3.3.4\docker-java-api-3.3.4.jar;C:\Users\TRACK\.m2\repository\org\bouncycastle\bcpkix-jdk18on\1.76\bcpkix-jdk18on-1.76.jar;C:\Users\TRACK\.m2\repository\org\bouncycastle\bcprov-jdk18on\1.76\bcprov-jdk18on-1.76.jar;C:\Users\TRACK\.m2\repository\org\bouncycastle\bcutil-jdk18on\1.76\bcutil-jdk18on-1.76.jar;C:\Users\TRACK\.m2\repository\com\github\docker-java\docker-java-transport-httpclient5\3.3.4\docker-java-transport-httpclient5-3.3.4.jar;C:\Users\TRACK\.m2\repository\com\github\docker-java\docker-java-transport\3.3.4\docker-java-transport-3.3.4.jar;C:\Users\TRACK\.m2\repository\org\brotli\dec\0.1.2\dec-0.1.2.jar;C:\Users\TRACK\.m2\repository\org\apache\commons\commons-compress\1.25.0\commons-compress-1.25.0.jar;C:\Users\TRACK\.m2\repository\org\apache\httpcomponents\client5\httpclient5\5.2.1\httpclient5-5.2.1.jar;C:\Users\TRACK\.m2\repository\org\apache\httpcomponents\core5\httpcore5\5.2\httpcore5-5.2.jar;C:\Users\TRACK\.m2\repository\org\apache\httpcomponents\core5\httpcore5-h2\5.2\httpcore5-h2-5.2.jar;C:\Users\TRACK\.m2\repository\org\zeroturnaround\zt-zip\1.16\zt-zip-1.16.jar;C:\Users\TRACK\.m2\repository\io\qameta\allure\allure-testng\2.23.0\allure-testng-2.23.0.jar;C:\Users\TRACK\.m2\repository\io\qameta\allure\allure-java-commons\2.23.0\allure-java-commons-2.23.0.jar;C:\Users\TRACK\.m2\repository\io\qameta\allure\allure-model\2.23.0\allure-model-2.23.0.jar;C:\Users\TRACK\.m2\repository\io\qameta\allure\allure-test-filter\2.23.0\allure-test-filter-2.23.0.jar;C:\Users\TRACK\.m2\repository\javax\mail\mail\1.4\mail-1.4.jar;C:\Users\TRACK\.m2\repository\com\sun\mail\javax.mail\1.6.2\javax.mail-1.6.2.jar;C:\Users\TRACK\.m2\repository\io\rest-assured\json-path\4.2.0\json-path-4.2.0.jar;C:\Users\TRACK\.m2\repository\org\codehaus\groovy\groovy-json\2.5.8\groovy-json-2.5.8.jar;C:\Users\TRACK\.m2\repository\io\rest-assured\rest-assured-common\4.2.0\rest-assured-common-4.2.0.jar;C:\Users\TRACK\.m2\repository\io\rest-assured\xml-path\4.2.0\xml-path-4.2.0.jar;C:\Users\TRACK\.m2\repository\jakarta\xml\bind\jakarta.xml.bind-api\2.3.2\jakarta.xml.bind-api-2.3.2.jar;C:\Users\TRACK\.m2\repository\com\sun\xml\bind\jaxb-osgi\2.3.0.1\jaxb-osgi-2.3.0.1.jar;C:\Users\TRACK\.m2\repository\org\apache\sling\org.apache.sling.javax.activation\0.1.0\org.apache.sling.javax.activation-0.1.0.jar;C:\Users\TRACK\.m2\repository\io\rest-assured\rest-assured-all\4.2.0\rest-assured-all-4.2.0.jar;C:\Users\TRACK\.m2\repository\jakarta\activation\jakarta.activation-api\1.2.1\jakarta.activation-api-1.2.1.jar;C:\Users\TRACK\.m2\repository\io\rest-assured\json-schema-validator\4.2.0\json-schema-validator-4.2.0.jar;C:\Users\TRACK\.m2\repository\com\github\java-json-tools\json-schema-validator\2.2.10\json-schema-validator-2.2.10.jar;C:\Users\TRACK\.m2\repository\com\github\java-json-tools\json-schema-core\1.2.10\json-schema-core-1.2.10.jar;C:\Users\TRACK\.m2\repository\com\github\java-json-tools\jackson-coreutils\1.9\jackson-coreutils-1.9.jar;C:\Users\TRACK\.m2\repository\com\github\fge\msg-simple\1.1\msg-simple-1.1.jar;C:\Users\TRACK\.m2\repository\com\github\fge\btf\1.2\btf-1.2.jar;C:\Users\TRACK\.m2\repository\com\github\fge\uri-template\0.9\uri-template-0.9.jar;C:\Users\TRACK\.m2\repository\org\mozilla\rhino\1.7.7.1\rhino-1.7.7.1.jar;C:\Users\TRACK\.m2\repository\javax\mail\mailapi\1.4.3\mailapi-1.4.3.jar;C:\Users\TRACK\.m2\repository\joda-time\joda-time\2.9.7\joda-time-2.9.7.jar;C:\Users\TRACK\.m2\repository\com\googlecode\libphonenumber\libphonenumber\8.0.0\libphonenumber-8.0.0.jar;C:\Users\TRACK\.m2\repository\net\sf\jopt-simple\jopt-simple\5.0.3\jopt-simple-5.0.3.jar;C:\Users\TRACK\.m2\repository\org\hamcrest\hamcrest\2.1\hamcrest-2.1.jar;C:\Users\TRACK\.m2\repository\org\postgresql\postgresql\42.5.3\postgresql-42.5.3.jar;C:\Users\TRACK\.m2\repository\org\checkerframework\checker-qual\3.5.0\checker-qual-3.5.0.jar;C:\Users\TRACK\.m2\repository\ru\yandex\qatools\ashot\ashot\1.5.4\ashot-1.5.4.jar;C:\Users\TRACK\.m2\repository\com\aventstack\extentreports\5.1.1\extentreports-5.1.1.jar;C:\Users\TRACK\.m2\repository\io\reactivex\rxjava3\rxjava\3.1.6\rxjava-3.1.6.jar;C:\Users\TRACK\.m2\repository\org\reactivestreams\reactive-streams\1.0.4\reactive-streams-1.0.4.jar;C:\Users\TRACK\.m2\repository\org\projectlombok\lombok\1.18.26\lombok-1.18.26.jar;C:\Users\TRACK\.m2\repository\org\mongodb\bson\4.11.1\bson-4.11.1.jar;C:\Users\TRACK\.m2\repository\com\codoid\products\fillo\1.18\fillo-1.18.jar;C:\Users\TRACK\.m2\repository\javax\activation\activation\1.1.1\activation-1.1.1.jar;"/>
    <property name="java.vm.vendor" value="Oracle Corporation"/>
    <property name="sun.arch.data.model" value="64"/>
    <property name="user.variant" value=""/>
    <property name="java.vendor.url" value="https://java.oracle.com/"/>
    <property name="user.timezone" value="Asia/Calcutta"/>
    <property name="os.name" value="Windows 10"/>
    <property name="java.vm.specification.version" value="17"/>
    <property name="sun.java.launcher" value="SUN_STANDARD"/>
    <property name="user.country" value="IN"/>
    <property name="sun.boot.library.path" value="C:\Program Files\Java\jdk-17\bin"/>
    <property name="sun.java.command" value="C:\Users\TRACK\AppData\Local\Temp\surefire147610680154134202\surefirebooter-20241003212138479_3.jar C:\Users\TRACK\AppData\Local\Temp\surefire147610680154134202 2024-10-03T21-21-38_105-jvmRun1 surefire-20241003212138479_1tmp surefire_0-20241003212138479_2tmp"/>
    <property name="jdk.debug" value="release"/>
    <property name="surefire.test.class.path" value="D:\SEDGE_New\target\test-classes;D:\SEDGE_New\target\classes;C:\Users\TRACK\.m2\repository\org\testng\testng\6.9.10\testng-6.9.10.jar;C:\Users\TRACK\.m2\repository\org\beanshell\bsh\2.0b4\bsh-2.0b4.jar;C:\Users\TRACK\.m2\repository\commons-io\commons-io\2.5\commons-io-2.5.jar;C:\Users\TRACK\.m2\repository\org\ghost4j\ghost4j\1.0.1\ghost4j-1.0.1.jar;C:\Users\TRACK\.m2\repository\log4j\log4j\1.2.17\log4j-1.2.17.jar;C:\Users\TRACK\.m2\repository\commons-beanutils\commons-beanutils\1.9.2\commons-beanutils-1.9.2.jar;C:\Users\TRACK\.m2\repository\commons-collections\commons-collections\3.2.1\commons-collections-3.2.1.jar;C:\Users\TRACK\.m2\repository\org\apache\xmlgraphics\xmlgraphics-commons\1.4\xmlgraphics-commons-1.4.jar;C:\Users\TRACK\.m2\repository\com\lowagie\itext\2.1.7\itext-2.1.7.jar;C:\Users\TRACK\.m2\repository\com\github\jai-imageio\jai-imageio-core\1.3.0\jai-imageio-core-1.3.0.jar;C:\Users\TRACK\.m2\repository\net\java\dev\jna\jna\4.1.0\jna-4.1.0.jar;C:\Users\TRACK\.m2\repository\net\sourceforge\lept4j\lept4j\1.6.1\lept4j-1.6.1.jar;C:\Users\TRACK\.m2\repository\net\sourceforge\tess4j\tess4j\3.4.1\tess4j-3.4.1.jar;C:\Users\TRACK\.m2\repository\org\jboss\jboss-vfs\3.2.12.Final\jboss-vfs-3.2.12.Final.jar;C:\Users\TRACK\.m2\repository\org\jboss\logging\jboss-logging\3.1.4.GA\jboss-logging-3.1.4.GA.jar;C:\Users\TRACK\.m2\repository\ch\qos\logback\logback-classic\1.2.3\logback-classic-1.2.3.jar;C:\Users\TRACK\.m2\repository\ch\qos\logback\logback-core\1.2.3\logback-core-1.2.3.jar;C:\Users\TRACK\.m2\repository\org\slf4j\jul-to-slf4j\1.7.25\jul-to-slf4j-1.7.25.jar;C:\Users\TRACK\.m2\repository\org\slf4j\jcl-over-slf4j\1.7.25\jcl-over-slf4j-1.7.25.jar;C:\Users\TRACK\.m2\repository\org\slf4j\log4j-over-slf4j\1.7.25\log4j-over-slf4j-1.7.25.jar;C:\Users\TRACK\.m2\repository\javax\servlet\javax.servlet-api\4.0.0-b07\javax.servlet-api-4.0.0-b07.jar;C:\Users\TRACK\.m2\repository\com\beust\jcommander\1.72\jcommander-1.72.jar;C:\Users\TRACK\.m2\repository\org\seleniumhq\selenium\selenium-java\3.10.0\selenium-java-3.10.0.jar;C:\Users\TRACK\.m2\repository\org\seleniumhq\selenium\selenium-api\3.10.0\selenium-api-3.10.0.jar;C:\Users\TRACK\.m2\repository\org\seleniumhq\selenium\selenium-edge-driver\3.10.0\selenium-edge-driver-3.10.0.jar;C:\Users\TRACK\.m2\repository\org\seleniumhq\selenium\selenium-opera-driver\3.10.0\selenium-opera-driver-3.10.0.jar;C:\Users\TRACK\.m2\repository\org\seleniumhq\selenium\selenium-remote-driver\3.10.0\selenium-remote-driver-3.10.0.jar;C:\Users\TRACK\.m2\repository\org\seleniumhq\selenium\selenium-safari-driver\3.10.0\selenium-safari-driver-3.10.0.jar;C:\Users\TRACK\.m2\repository\org\seleniumhq\selenium\selenium-support\3.10.0\selenium-support-3.10.0.jar;C:\Users\TRACK\.m2\repository\net\bytebuddy\byte-buddy\1.7.9\byte-buddy-1.7.9.jar;C:\Users\TRACK\.m2\repository\org\apache\commons\commons-exec\1.3\commons-exec-1.3.jar;C:\Users\TRACK\.m2\repository\commons-codec\commons-codec\1.10\commons-codec-1.10.jar;C:\Users\TRACK\.m2\repository\commons-logging\commons-logging\1.2\commons-logging-1.2.jar;C:\Users\TRACK\.m2\repository\com\google\code\gson\gson\2.8.2\gson-2.8.2.jar;C:\Users\TRACK\.m2\repository\com\google\guava\guava\23.6-jre\guava-23.6-jre.jar;C:\Users\TRACK\.m2\repository\com\google\code\findbugs\jsr305\1.3.9\jsr305-1.3.9.jar;C:\Users\TRACK\.m2\repository\org\checkerframework\checker-compat-qual\2.0.0\checker-compat-qual-2.0.0.jar;C:\Users\TRACK\.m2\repository\com\google\errorprone\error_prone_annotations\2.1.3\error_prone_annotations-2.1.3.jar;C:\Users\TRACK\.m2\repository\com\google\j2objc\j2objc-annotations\1.1\j2objc-annotations-1.1.jar;C:\Users\TRACK\.m2\repository\org\codehaus\mojo\animal-sniffer-annotations\1.14\animal-sniffer-annotations-1.14.jar;C:\Users\TRACK\.m2\repository\org\apache\httpcomponents\httpcore\4.4.6\httpcore-4.4.6.jar;C:\Users\TRACK\.m2\repository\com\squareup\okhttp3\okhttp\3.9.1\okhttp-3.9.1.jar;C:\Users\TRACK\.m2\repository\com\squareup\okio\okio\1.13.0\okio-1.13.0.jar;C:\Users\TRACK\.m2\repository\xml-apis\xml-apis\1.4.01\xml-apis-1.4.01.jar;C:\Users\TRACK\.m2\repository\jfree\jfreechart\1.0.13\jfreechart-1.0.13.jar;C:\Users\TRACK\.m2\repository\jfree\jcommon\1.0.16\jcommon-1.0.16.jar;C:\Users\TRACK\.m2\repository\org\seleniumhq\selenium\selenium-server\3.10.0\selenium-server-3.10.0.jar;C:\Users\TRACK\.m2\repository\org\apache\commons\commons-lang3\3.7\commons-lang3-3.7.jar;C:\Users\TRACK\.m2\repository\org\apache\commons\commons-text\1.1\commons-text-1.1.jar;C:\Users\TRACK\.m2\repository\commons-net\commons-net\3.6\commons-net-3.6.jar;C:\Users\TRACK\.m2\repository\org\w3c\css\sac\1.3\sac-1.3.jar;C:\Users\TRACK\.m2\repository\net\sourceforge\cssparser\cssparser\0.9.24\cssparser-0.9.24.jar;C:\Users\TRACK\.m2\repository\net\sourceforge\htmlunit\htmlunit\2.29\htmlunit-2.29.jar;C:\Users\TRACK\.m2\repository\net\sourceforge\htmlunit\htmlunit-core-js\2.28\htmlunit-core-js-2.28.jar;C:\Users\TRACK\.m2\repository\net\sourceforge\htmlunit\neko-htmlunit\2.28\neko-htmlunit-2.28.jar;C:\Users\TRACK\.m2\repository\org\apache\httpcomponents\httpmime\4.5.3\httpmime-4.5.3.jar;C:\Users\TRACK\.m2\repository\net\jcip\jcip-annotations\1.0\jcip-annotations-1.0.jar;C:\Users\TRACK\.m2\repository\org\seleniumhq\selenium\jetty-repacked\9.4.7.v20171121\jetty-repacked-9.4.7.v20171121.jar;C:\Users\TRACK\.m2\repository\org\eclipse\jetty\jetty-client\9.4.7.v20170914\jetty-client-9.4.7.v20170914.jar;C:\Users\TRACK\.m2\repository\org\eclipse\jetty\jetty-http\9.4.8.v20171121\jetty-http-9.4.8.v20171121.jar;C:\Users\TRACK\.m2\repository\org\eclipse\jetty\jetty-io\9.4.8.v20171121\jetty-io-9.4.8.v20171121.jar;C:\Users\TRACK\.m2\repository\org\eclipse\jetty\jetty-util\9.4.8.v20171121\jetty-util-9.4.8.v20171121.jar;C:\Users\TRACK\.m2\repository\org\eclipse\jetty\jetty-xml\9.4.7.v20170914\jetty-xml-9.4.7.v20170914.jar;C:\Users\TRACK\.m2\repository\org\seleniumhq\selenium\htmlunit-driver\2.29.0\htmlunit-driver-2.29.0.jar;C:\Users\TRACK\.m2\repository\org\eclipse\jetty\websocket\websocket-api\9.4.7.v20170914\websocket-api-9.4.7.v20170914.jar;C:\Users\TRACK\.m2\repository\org\eclipse\jetty\websocket\websocket-client\9.4.7.v20170914\websocket-client-9.4.7.v20170914.jar;C:\Users\TRACK\.m2\repository\org\eclipse\jetty\websocket\websocket-common\9.4.7.v20170914\websocket-common-9.4.7.v20170914.jar;C:\Users\TRACK\.m2\repository\xalan\serializer\2.7.2\serializer-2.7.2.jar;C:\Users\TRACK\.m2\repository\xalan\xalan\2.7.2\xalan-2.7.2.jar;C:\Users\TRACK\.m2\repository\xerces\xercesImpl\2.11.0\xercesImpl-2.11.0.jar;C:\Users\TRACK\.m2\repository\org\yaml\snakeyaml\1.19\snakeyaml-1.19.jar;C:\Users\TRACK\.m2\repository\junit\junit\4.11\junit-4.11.jar;C:\Users\TRACK\.m2\repository\org\hamcrest\hamcrest-core\1.3\hamcrest-core-1.3.jar;C:\Users\TRACK\.m2\repository\org\seleniumhq\selenium\selenium-firefox-driver\3.10.0\selenium-firefox-driver-3.10.0.jar;C:\Users\TRACK\.m2\repository\org\seleniumhq\selenium\selenium-chrome-driver\3.10.0\selenium-chrome-driver-3.10.0.jar;C:\Users\TRACK\.m2\repository\org\seleniumhq\selenium\selenium-ie-driver\3.10.0\selenium-ie-driver-3.10.0.jar;C:\Users\TRACK\.m2\repository\org\apache\poi\poi-ooxml\3.16\poi-ooxml-3.16.jar;C:\Users\TRACK\.m2\repository\org\apache\poi\poi\3.16\poi-3.16.jar;C:\Users\TRACK\.m2\repository\org\apache\commons\commons-collections4\4.1\commons-collections4-4.1.jar;C:\Users\TRACK\.m2\repository\org\apache\poi\poi-ooxml-schemas\3.16\poi-ooxml-schemas-3.16.jar;C:\Users\TRACK\.m2\repository\org\apache\xmlbeans\xmlbeans\2.6.0\xmlbeans-2.6.0.jar;C:\Users\TRACK\.m2\repository\stax\stax-api\1.0.1\stax-api-1.0.1.jar;C:\Users\TRACK\.m2\repository\com\github\virtuald\curvesapi\1.04\curvesapi-1.04.jar;C:\Users\TRACK\.m2\repository\org\slf4j\slf4j-api\1.7.25\slf4j-api-1.7.25.jar;C:\Users\TRACK\.m2\repository\org\json\json\20090211\json-20090211.jar;C:\Users\TRACK\.m2\repository\org\apache\httpcomponents\httpclient\4.5.2\httpclient-4.5.2.jar;C:\Users\TRACK\.m2\repository\org\freemarker\freemarker\2.3.32\freemarker-2.3.32.jar;C:\Users\TRACK\.m2\repository\org\bytedeco\javacpp-presets\tesseract\3.03-rc1-0.11\tesseract-3.03-rc1-0.11.jar;C:\Users\TRACK\.m2\repository\org\bytedeco\javacpp-presets\leptonica\1.71-0.11\leptonica-1.71-0.11.jar;C:\Users\TRACK\.m2\repository\org\bytedeco\javacpp-presets\leptonica\1.71-0.11\leptonica-1.71-0.11-windows-x86_64.jar;C:\Users\TRACK\.m2\repository\org\bytedeco\javacpp\0.11\javacpp-0.11.jar;C:\Users\TRACK\.m2\repository\org\bytedeco\javacpp-presets\tesseract\3.03-rc1-0.11\tesseract-3.03-rc1-0.11-windows-x86_64.jar;C:\Users\TRACK\.m2\repository\com\jayway\restassured\rest-assured\2.9.0\rest-assured-2.9.0.jar;C:\Users\TRACK\.m2\repository\org\codehaus\groovy\groovy\2.4.4\groovy-2.4.4.jar;C:\Users\TRACK\.m2\repository\org\codehaus\groovy\groovy-xml\2.4.4\groovy-xml-2.4.4.jar;C:\Users\TRACK\.m2\repository\org\hamcrest\hamcrest-library\1.3\hamcrest-library-1.3.jar;C:\Users\TRACK\.m2\repository\org\ccil\cowan\tagsoup\tagsoup\1.2.1\tagsoup-1.2.1.jar;C:\Users\TRACK\.m2\repository\com\jayway\restassured\json-path\2.9.0\json-path-2.9.0.jar;C:\Users\TRACK\.m2\repository\com\jayway\restassured\rest-assured-common\2.9.0\rest-assured-common-2.9.0.jar;C:\Users\TRACK\.m2\repository\com\jayway\restassured\xml-path\2.9.0\xml-path-2.9.0.jar;C:\Users\TRACK\.m2\repository\javax\xml\bind\jaxb-api\2.3.0\jaxb-api-2.3.0.jar;C:\Users\TRACK\.m2\repository\com\applitools\eyes-selenium-java5\5.39.0\eyes-selenium-java5-5.39.0.jar;C:\Users\TRACK\.m2\repository\com\applitools\eyes-common-java5\5.39.0\eyes-common-java5-5.39.0.jar;C:\Users\TRACK\.m2\repository\org\imgscalr\imgscalr-lib\4.2\imgscalr-lib-4.2.jar;C:\Users\TRACK\.m2\repository\com\fasterxml\jackson\core\jackson-databind\2.13.3\jackson-databind-2.13.3.jar;C:\Users\TRACK\.m2\repository\com\fasterxml\jackson\core\jackson-annotations\2.13.3\jackson-annotations-2.13.3.jar;C:\Users\TRACK\.m2\repository\com\fasterxml\jackson\core\jackson-core\2.13.3\jackson-core-2.13.3.jar;C:\Users\TRACK\.m2\repository\org\jsoup\jsoup\1.8.3\jsoup-1.8.3.jar;C:\Users\TRACK\.m2\repository\com\applitools\eyes-selenium-common-java5\5.39.0\eyes-selenium-common-java5-5.39.0.jar;C:\Users\TRACK\.m2\repository\com\applitools\eyes-sdk-core-java5\5.39.0\eyes-sdk-core-java5-5.39.0.jar;C:\Users\TRACK\.m2\repository\com\applitools\eyes-ufg-java5\5.39.0\eyes-ufg-java5-5.39.0.jar;C:\Users\TRACK\.m2\repository\com\applitools\eyes-connectivity-java5\5.39.0\eyes-connectivity-java5-5.39.0.jar;C:\Users\TRACK\.m2\repository\com\applitools\eyes-connectivity-java5-jersey2x\5.39.0\eyes-connectivity-java5-jersey2x-5.39.0.jar;C:\Users\TRACK\.m2\repository\org\glassfish\jersey\connectors\jersey-apache-connector\2.29\jersey-apache-connector-2.29.jar;C:\Users\TRACK\.m2\repository\org\glassfish\jersey\core\jersey-common\2.29\jersey-common-2.29.jar;C:\Users\TRACK\.m2\repository\jakarta\annotation\jakarta.annotation-api\1.3.4\jakarta.annotation-api-1.3.4.jar;C:\Users\TRACK\.m2\repository\org\glassfish\hk2\osgi-resource-locator\1.0.3\osgi-resource-locator-1.0.3.jar;C:\Users\TRACK\.m2\repository\jakarta\ws\rs\jakarta.ws.rs-api\2.1.5\jakarta.ws.rs-api-2.1.5.jar;C:\Users\TRACK\.m2\repository\org\glassfish\jersey\core\jersey-client\2.29\jersey-client-2.29.jar;C:\Users\TRACK\.m2\repository\org\glassfish\hk2\external\jakarta.inject\2.5.0\jakarta.inject-2.5.0.jar;C:\Users\TRACK\.m2\repository\org\glassfish\jersey\inject\jersey-hk2\2.29\jersey-hk2-2.29.jar;C:\Users\TRACK\.m2\repository\org\glassfish\hk2\hk2-locator\2.5.0\hk2-locator-2.5.0.jar;C:\Users\TRACK\.m2\repository\org\glassfish\hk2\external\aopalliance-repackaged\2.5.0\aopalliance-repackaged-2.5.0.jar;C:\Users\TRACK\.m2\repository\org\glassfish\hk2\hk2-api\2.5.0\hk2-api-2.5.0.jar;C:\Users\TRACK\.m2\repository\org\glassfish\hk2\hk2-utils\2.5.0\hk2-utils-2.5.0.jar;C:\Users\TRACK\.m2\repository\org\javassist\javassist\3.22.0-CR2\javassist-3.22.0-CR2.jar;C:\Users\TRACK\.m2\repository\javax\websocket\javax.websocket-client-api\1.1\javax.websocket-client-api-1.1.jar;C:\Users\TRACK\.m2\repository\org\asynchttpclient\async-http-client\2.12.3\async-http-client-2.12.3.jar;C:\Users\TRACK\.m2\repository\org\asynchttpclient\async-http-client-netty-utils\2.12.3\async-http-client-netty-utils-2.12.3.jar;C:\Users\TRACK\.m2\repository\io\netty\netty-buffer\4.1.60.Final\netty-buffer-4.1.60.Final.jar;C:\Users\TRACK\.m2\repository\io\netty\netty-codec-http\4.1.60.Final\netty-codec-http-4.1.60.Final.jar;C:\Users\TRACK\.m2\repository\io\netty\netty-common\4.1.60.Final\netty-common-4.1.60.Final.jar;C:\Users\TRACK\.m2\repository\io\netty\netty-transport\4.1.60.Final\netty-transport-4.1.60.Final.jar;C:\Users\TRACK\.m2\repository\io\netty\netty-codec\4.1.60.Final\netty-codec-4.1.60.Final.jar;C:\Users\TRACK\.m2\repository\io\netty\netty-handler\4.1.60.Final\netty-handler-4.1.60.Final.jar;C:\Users\TRACK\.m2\repository\io\netty\netty-resolver\4.1.60.Final\netty-resolver-4.1.60.Final.jar;C:\Users\TRACK\.m2\repository\io\netty\netty-codec-socks\4.1.60.Final\netty-codec-socks-4.1.60.Final.jar;C:\Users\TRACK\.m2\repository\io\netty\netty-handler-proxy\4.1.60.Final\netty-handler-proxy-4.1.60.Final.jar;C:\Users\TRACK\.m2\repository\io\netty\netty-transport-native-epoll\4.1.60.Final\netty-transport-native-epoll-4.1.60.Final-linux-x86_64.jar;C:\Users\TRACK\.m2\repository\io\netty\netty-transport-native-unix-common\4.1.60.Final\netty-transport-native-unix-common-4.1.60.Final.jar;C:\Users\TRACK\.m2\repository\io\netty\netty-transport-native-kqueue\4.1.60.Final\netty-transport-native-kqueue-4.1.60.Final-osx-x86_64.jar;C:\Users\TRACK\.m2\repository\com\typesafe\netty\netty-reactive-streams\2.0.4\netty-reactive-streams-2.0.4.jar;C:\Users\TRACK\.m2\repository\com\sun\activation\jakarta.activation\1.2.2\jakarta.activation-1.2.2.jar;C:\Users\TRACK\.m2\repository\com\applitools\eyes-universal-core\5.39.0\eyes-universal-core-5.39.0.jar;C:\Users\TRACK\.m2\repository\com\helger\ph-css\6.1.1\ph-css-6.1.1.jar;C:\Users\TRACK\.m2\repository\com\helger\ph-commons\9.0.2\ph-commons-9.0.2.jar;C:\Users\TRACK\.m2\repository\io\github\bonigarcia\webdrivermanager\5.6.3\webdrivermanager-5.6.3.jar;C:\Users\TRACK\.m2\repository\com\github\docker-java\docker-java\3.3.4\docker-java-3.3.4.jar;C:\Users\TRACK\.m2\repository\com\github\docker-java\docker-java-core\3.3.4\docker-java-core-3.3.4.jar;C:\Users\TRACK\.m2\repository\com\github\docker-java\docker-java-api\3.3.4\docker-java-api-3.3.4.jar;C:\Users\TRACK\.m2\repository\org\bouncycastle\bcpkix-jdk18on\1.76\bcpkix-jdk18on-1.76.jar;C:\Users\TRACK\.m2\repository\org\bouncycastle\bcprov-jdk18on\1.76\bcprov-jdk18on-1.76.jar;C:\Users\TRACK\.m2\repository\org\bouncycastle\bcutil-jdk18on\1.76\bcutil-jdk18on-1.76.jar;C:\Users\TRACK\.m2\repository\com\github\docker-java\docker-java-transport-httpclient5\3.3.4\docker-java-transport-httpclient5-3.3.4.jar;C:\Users\TRACK\.m2\repository\com\github\docker-java\docker-java-transport\3.3.4\docker-java-transport-3.3.4.jar;C:\Users\TRACK\.m2\repository\org\brotli\dec\0.1.2\dec-0.1.2.jar;C:\Users\TRACK\.m2\repository\org\apache\commons\commons-compress\1.25.0\commons-compress-1.25.0.jar;C:\Users\TRACK\.m2\repository\org\apache\httpcomponents\client5\httpclient5\5.2.1\httpclient5-5.2.1.jar;C:\Users\TRACK\.m2\repository\org\apache\httpcomponents\core5\httpcore5\5.2\httpcore5-5.2.jar;C:\Users\TRACK\.m2\repository\org\apache\httpcomponents\core5\httpcore5-h2\5.2\httpcore5-h2-5.2.jar;C:\Users\TRACK\.m2\repository\org\zeroturnaround\zt-zip\1.16\zt-zip-1.16.jar;C:\Users\TRACK\.m2\repository\io\qameta\allure\allure-testng\2.23.0\allure-testng-2.23.0.jar;C:\Users\TRACK\.m2\repository\io\qameta\allure\allure-java-commons\2.23.0\allure-java-commons-2.23.0.jar;C:\Users\TRACK\.m2\repository\io\qameta\allure\allure-model\2.23.0\allure-model-2.23.0.jar;C:\Users\TRACK\.m2\repository\io\qameta\allure\allure-test-filter\2.23.0\allure-test-filter-2.23.0.jar;C:\Users\TRACK\.m2\repository\javax\mail\mail\1.4\mail-1.4.jar;C:\Users\TRACK\.m2\repository\com\sun\mail\javax.mail\1.6.2\javax.mail-1.6.2.jar;C:\Users\TRACK\.m2\repository\io\rest-assured\json-path\4.2.0\json-path-4.2.0.jar;C:\Users\TRACK\.m2\repository\org\codehaus\groovy\groovy-json\2.5.8\groovy-json-2.5.8.jar;C:\Users\TRACK\.m2\repository\io\rest-assured\rest-assured-common\4.2.0\rest-assured-common-4.2.0.jar;C:\Users\TRACK\.m2\repository\io\rest-assured\xml-path\4.2.0\xml-path-4.2.0.jar;C:\Users\TRACK\.m2\repository\jakarta\xml\bind\jakarta.xml.bind-api\2.3.2\jakarta.xml.bind-api-2.3.2.jar;C:\Users\TRACK\.m2\repository\com\sun\xml\bind\jaxb-osgi\2.3.0.1\jaxb-osgi-2.3.0.1.jar;C:\Users\TRACK\.m2\repository\org\apache\sling\org.apache.sling.javax.activation\0.1.0\org.apache.sling.javax.activation-0.1.0.jar;C:\Users\TRACK\.m2\repository\io\rest-assured\rest-assured-all\4.2.0\rest-assured-all-4.2.0.jar;C:\Users\TRACK\.m2\repository\jakarta\activation\jakarta.activation-api\1.2.1\jakarta.activation-api-1.2.1.jar;C:\Users\TRACK\.m2\repository\io\rest-assured\json-schema-validator\4.2.0\json-schema-validator-4.2.0.jar;C:\Users\TRACK\.m2\repository\com\github\java-json-tools\json-schema-validator\2.2.10\json-schema-validator-2.2.10.jar;C:\Users\TRACK\.m2\repository\com\github\java-json-tools\json-schema-core\1.2.10\json-schema-core-1.2.10.jar;C:\Users\TRACK\.m2\repository\com\github\java-json-tools\jackson-coreutils\1.9\jackson-coreutils-1.9.jar;C:\Users\TRACK\.m2\repository\com\github\fge\msg-simple\1.1\msg-simple-1.1.jar;C:\Users\TRACK\.m2\repository\com\github\fge\btf\1.2\btf-1.2.jar;C:\Users\TRACK\.m2\repository\com\github\fge\uri-template\0.9\uri-template-0.9.jar;C:\Users\TRACK\.m2\repository\org\mozilla\rhino\1.7.7.1\rhino-1.7.7.1.jar;C:\Users\TRACK\.m2\repository\javax\mail\mailapi\1.4.3\mailapi-1.4.3.jar;C:\Users\TRACK\.m2\repository\joda-time\joda-time\2.9.7\joda-time-2.9.7.jar;C:\Users\TRACK\.m2\repository\com\googlecode\libphonenumber\libphonenumber\8.0.0\libphonenumber-8.0.0.jar;C:\Users\TRACK\.m2\repository\net\sf\jopt-simple\jopt-simple\5.0.3\jopt-simple-5.0.3.jar;C:\Users\TRACK\.m2\repository\org\hamcrest\hamcrest\2.1\hamcrest-2.1.jar;C:\Users\TRACK\.m2\repository\org\postgresql\postgresql\42.5.3\postgresql-42.5.3.jar;C:\Users\TRACK\.m2\repository\org\checkerframework\checker-qual\3.5.0\checker-qual-3.5.0.jar;C:\Users\TRACK\.m2\repository\ru\yandex\qatools\ashot\ashot\1.5.4\ashot-1.5.4.jar;C:\Users\TRACK\.m2\repository\com\aventstack\extentreports\5.1.1\extentreports-5.1.1.jar;C:\Users\TRACK\.m2\repository\io\reactivex\rxjava3\rxjava\3.1.6\rxjava-3.1.6.jar;C:\Users\TRACK\.m2\repository\org\reactivestreams\reactive-streams\1.0.4\reactive-streams-1.0.4.jar;C:\Users\TRACK\.m2\repository\org\projectlombok\lombok\1.18.26\lombok-1.18.26.jar;C:\Users\TRACK\.m2\repository\org\mongodb\bson\4.11.1\bson-4.11.1.jar;C:\Users\TRACK\.m2\repository\com\codoid\products\fillo\1.18\fillo-1.18.jar;C:\Users\TRACK\.m2\repository\javax\activation\activation\1.1.1\activation-1.1.1.jar;"/>
    <property name="sun.cpu.endian" value="little"/>
    <property name="user.home" value="C:\Users\TRACK"/>
    <property name="user.language" value="en"/>
    <property name="java.specification.vendor" value="Oracle Corporation"/>
    <property name="java.version.date" value="2024-04-16"/>
    <property name="java.home" value="C:\Program Files\Java\jdk-17"/>
    <property name="file.separator" value="\"/>
    <property name="basedir" value="D:\SEDGE_New"/>
    <property name="java.vm.compressedOopsMode" value="Zero based"/>
    <property name="line.separator" value="&#10;"/>
    <property name="java.vm.specification.vendor" value="Oracle Corporation"/>
    <property name="java.specification.name" value="Java Platform API Specification"/>
    <property name="atu.reporter.config" value="D:\SEDGE_New/atu.properties"/>
    <property name="surefire.real.class.path" value="C:\Users\TRACK\AppData\Local\Temp\surefire147610680154134202\surefirebooter-20241003212138479_3.jar"/>
    <property name="user.script" value=""/>
    <property name="sun.management.compiler" value="HotSpot 64-Bit Tiered Compilers"/>
    <property name="java.runtime.version" value="17.0.11+7-LTS-207"/>
    <property name="user.name" value="TRACK"/>
    <property name="path.separator" value=";"/>
    <property name="os.version" value="10.0"/>
    <property name="java.runtime.name" value="Java(TM) SE Runtime Environment"/>
    <property name="file.encoding" value="Cp1252"/>
    <property name="java.vm.name" value="Java HotSpot(TM) 64-Bit Server VM"/>
    <property name="localRepository" value="C:\Users\TRACK\.m2\repository"/>
    <property name="java.vendor.url.bug" value="https://bugreport.java.com/bugreport/"/>
    <property name="java.io.tmpdir" value="C:\Users\TRACK\AppData\Local\Temp\"/>
    <property name="java.version" value="17.0.11"/>
    <property name="user.dir" value="D:\SEDGE_New"/>
    <property name="os.arch" value="amd64"/>
    <property name="java.vm.specification.name" value="Java Virtual Machine Specification"/>
    <property name="sun.os.patch.level" value=""/>
    <property name="native.encoding" value="Cp1252"/>
    <property name="java.library.path" value="C:\Program Files\Java\jdk-17\bin;C:\Windows\Sun\Java\bin;C:\Windows\system32;C:\Windows;C:\Program Files\Common Files\Oracle\Java\javapath;C:\Windows\system32;C:\Windows;C:\Windows\System32\Wbem;C:\Windows\System32\WindowsPowerShell\v1.0\;C:\Windows\System32\OpenSSH\;C:\Program Files\Git\cmd;C:\Program Files\Java\jdk-17\bin;C:\Program Files\Maven\apache-maven-3.9.9\bin;C:\Users\TRACK\AppData\Local\Microsoft\WindowsApps;;."/>
    <property name="java.vm.info" value="mixed mode, sharing"/>
    <property name="java.vendor" value="Oracle Corporation"/>
    <property name="java.vm.version" value="17.0.11+7-LTS-207"/>
    <property name="sun.io.unicode.encoding" value="UnicodeLittle"/>
    <property name="java.class.version" value="61.0"/>
  </properties>
  <testcase name="ComprehensiveTesting[https://analysis.sedge.ai, 2, Flag3, Iteration_TestData](1)" classname="commonMethods.Testcases" time="894.093">
    <failure type="[ATU"><![CDATA[[ATU Custom Reporter Step Failed Exception]
	at atu.testng.reports.listeners.ATUReportsListener.onTestSuccess(ATUReportsListener.java:76)
	at org.testng.internal.Invoker.runTestListeners(Invoker.java:1695)
	at org.testng.internal.Invoker.runTestListeners(Invoker.java:1675)
	at org.testng.internal.Invoker.invokeMethod(Invoker.java:700)
	at org.testng.internal.Invoker.invokeTestMethod(Invoker.java:820)
	at org.testng.internal.Invoker.invokeTestMethods(Invoker.java:1128)
	at org.testng.internal.TestMethodWorker.invokeTestMethods(TestMethodWorker.java:129)
	at org.testng.internal.TestMethodWorker.run(TestMethodWorker.java:112)
	at org.testng.TestRunner.privateRun(TestRunner.java:782)
	at org.testng.TestRunner.run(TestRunner.java:632)
	at org.testng.SuiteRunner.runTest(SuiteRunner.java:366)
	at org.testng.SuiteRunner.runSequentially(SuiteRunner.java:361)
	at org.testng.SuiteRunner.privateRun(SuiteRunner.java:319)
	at org.testng.SuiteRunner.run(SuiteRunner.java:268)
	at org.testng.SuiteRunnerWorker.runSuite(SuiteRunnerWorker.java:52)
	at org.testng.SuiteRunnerWorker.run(SuiteRunnerWorker.java:86)
	at org.testng.TestNG.runSuitesSequentially(TestNG.java:1244)
	at org.testng.TestNG.runSuitesLocally(TestNG.java:1169)
	at org.testng.TestNG.run(TestNG.java:1064)
	at org.apache.maven.surefire.testng.TestNGExecutor.run(TestNGExecutor.java:308)
	at org.apache.maven.surefire.testng.TestNGXmlTestSuite.execute(TestNGXmlTestSuite.java:71)
	at org.apache.maven.surefire.testng.TestNGProvider.invoke(TestNGProvider.java:113)
	at org.apache.maven.surefire.booter.ForkedBooter.runSuitesInProcess(ForkedBooter.java:385)
	at org.apache.maven.surefire.booter.ForkedBooter.execute(ForkedBooter.java:162)
	at org.apache.maven.surefire.booter.ForkedBooter.run(ForkedBooter.java:507)
	at org.apache.maven.surefire.booter.ForkedBooter.main(ForkedBooter.java:495)
]]></failure>
    <system-out><![CDATA[[TestNGContentHandler] [WARN] It is strongly recommended to add "<!DOCTYPE suite SYSTEM "http://testng.org/testng-1.0.dtd" >" at the top of your file, otherwise TestNG may fail or not work as expected.
Test Case Data: [https://analysis.sedge.ai]
Test Case Data: [2]
Test Case Data: [Flag3]
Test Case Data: [Iteration_TestData]
******************Script Execution Started******************
21:21:41.968 [main] INFO  i.g.bonigarcia.wdm.WebDriverManager - Using chromedriver 129.0.6668.89 (resolved driver for Chrome 129)
21:21:41.993 [main] INFO  i.g.bonigarcia.wdm.WebDriverManager - Exporting webdriver.chrome.driver as C:\Users\TRACK\.cache\selenium\chromedriver\win64\129.0.6668.89\chromedriver.exe
Chrome Browser launched...
 port 
 class 
Location: (516, 173)
Size: (212x256)
Screenshot saved successfully.
Location: (516, 173)
Size: (212x256)
Screenshot saved successfully.
Difference: 4.36950740384331
ScrollbarValidation - dropdown_DataBaseType - Expected and Actual images are not the same 
 port 3306
 class com.mysql.cj.jdbc.Driver
Location: (516, 503)
Size: (212x256)
Screenshot saved successfully.
Location: (516, 503)
Size: (212x256)
Screenshot saved successfully.
Difference: 5.918274491604277
ScrollbarValidation - dropdown_DataBase - Expected and Actual images are not the same 
Location: (905, 503)
Size: (212x256)
Screenshot saved successfully.
Location: (905, 503)
Size: (212x256)
Screenshot saved successfully.
Difference: 6.034862179392389
ScrollbarValidation - dropdown_Schema - Expected and Actual images are not the same 
tableList :clarkson_maersk_20211006
searchResultText :clarkson_maersk_20211006
projectNmae :project2
fileNmae :clarkson_maersk_20211006
ActQuery :Select * from clarkson_maersk_20211006
Location: (75, 124)
Size: (411x256)
Screenshot saved successfully.
Location: (75, 124)
Size: (411x256)
Screenshot saved successfully.
Difference: 6.473633890029788
ScrollbarValidation - dropdown_Target_Drop - Expected and Actual images are not the same 
targetPanelText: Gear[2]
firstTabOpenColor :#EEEEEE
Element is located at X: 792, Y: 375
792 372
Element is located at X: 1545, Y: 51
1545 51
Location: (1601, 215)
Size: (30x20)
Screenshot saved successfully.
Difference: 0.0
SmokeTesting - Bar_Line_Scattter_Widget - Image compared successfully
Location: (1282, 423)
Size: (361x200)
Screenshot saved successfully.
Location: (1282, 423)
Size: (361x200)
Screenshot saved successfully.
Difference: 7.383399714052287
ScrollbarValidation - dropdown_X-Axis - Expected and Actual images are not the same 
Highlight_color_Exp : #5897fbselectedColorAct : #5897FB
Location: (1280, 450)
Size: (253x200)
Screenshot saved successfully.
Location: (1280, 450)
Size: (253x200)
Screenshot saved successfully.
Difference: 9.374259852455834
ScrollbarValidation - dropdown_Y-Axis - Expected and Actual images are not the same 
Highlight_color_Exp : #5897fbselectedColorAct : #5897FB
Location: (1281, 542)
Size: (353x200)
Screenshot saved successfully.
Location: (1281, 542)
Size: (353x200)
Screenshot saved successfully.
Difference: 11.705317410652205
ScrollbarValidation - dropdown_Series - Expected and Actual images are not the same 
Location: (110, 145)
Size: (996x592)
Screenshot saved successfully.
Location: (111, 145)
Size: (966x562)
Screenshot saved successfully.
Both images should have the same dimensions
Location: (1406, 349)
Size: (185x200)
Screenshot saved successfully.
Location: (1406, 349)
Size: (185x200)
Screenshot saved successfully.
Difference: 15.581986398162867
ScrollbarValidation - dropdown_Field_Sort_BarWithLine - Expected and Actual images are not the same 
X_Selected : DATE_UPDATED
Y_Selected : YEAR
FontFamily_Value : Verdana
Location: (1314, 494)
Size: (100x200)
Screenshot saved successfully.
Location: (1314, 494)
Size: (100x200)
Screenshot saved successfully.
Difference: 21.242269199346406
ScrollbarValidation - dropdown_Font Family - Expected and Actual images are not the same 
Font family: Narkisim
Font family: Narkisim
Font family: Narkisim
X Font_Size : 8
Y Font_Size : 8
X rotation : -45
Rotation angle: 25
Rotation angle: 0
Y rotation : 0
Rotation angle: -20
Rotation angle: 25
]]></system-out>
    <system-err><![CDATA[Starting ChromeDriver 129.0.6668.89 (951c0b97221f8d4ba37cf97d324505c832251cf9-refs/branch-heads/6668@{#1503}) on port 37492
Only local connections are allowed.
Please see https://chromedriver.chromium.org/security-considerations for suggestions on keeping ChromeDriver safe.
ChromeDriver was started successfully on port 37492.
Oct 03, 2024 9:21:43 PM org.openqa.selenium.remote.ProtocolHandshake createSession
INFO: Detected dialect: W3C
]]></system-err>
  </testcase>
</testsuite>