<?xml version="1.0" encoding="UTF-8"?>
<!-- Generated by org.testng.reporters.JUnitReportReporter -->
<testsuite hostname="DESKTOP-65U1BV4" failures="0" tests="1" name="scripts.NumberFormatValidationTest" time="0.070" errors="0" timestamp="2024-05-08T15:54:49 IST" skipped="0">
  <testcase classname="scripts.NumberFormatValidationTest" name="testNumberFormatValidation" time="0.070"/>
  <system-out/>
</testsuite> <!-- scripts.NumberFormatValidationTest -->
