<?xml version="1.0" encoding="UTF-8"?>
<!-- Generated by org.testng.reporters.JUnitReportReporter -->
<testsuite hostname="DESKTOP-65U1BV4" failures="0" tests="1" name="commonMethods.Testcases" time="1204.391" errors="1" timestamp="2024-12-05T17:56:51 IST" skipped="0">
  <testcase classname="commonMethods.Testcases" name="ComprehensiveTesting" time="1204.391">
    <error type="atu.testng.reports.exceptions.ATUReporterStepFailedException">
      <![CDATA[[ATU Custom Reporter Step Failed Exception]
at atu.testng.reports.listeners.ATUReportsListener.onTestSuccess(ATUReportsListener.java:79)
at org.testng.internal.TestListenerHelper.runTestListeners(TestListenerHelper.java:100)
at org.testng.internal.TestInvoker.runTestResultListener(TestInvoker.java:219)
at org.testng.internal.TestInvoker.invokeMethod(TestInvoker.java:656)
at org.testng.internal.TestInvoker.invokeTestMethod(TestInvoker.java:173)
at org.testng.internal.MethodRunner.runInSequence(MethodRunner.java:46)
at org.testng.internal.TestInvoker$MethodInvocationAgent.invoke(TestInvoker.java:824)
at org.testng.internal.TestInvoker.invokeTestMethods(TestInvoker.java:146)
at org.testng.internal.TestMethodWorker.invokeTestMethods(TestMethodWorker.java:146)
at org.testng.internal.TestMethodWorker.run(TestMethodWorker.java:128)
at java.base/java.util.ArrayList.forEach(ArrayList.java:1596)
at org.testng.TestRunner.privateRun(TestRunner.java:794)
at org.testng.TestRunner.run(TestRunner.java:596)
at org.testng.SuiteRunner.runTest(SuiteRunner.java:377)
at org.testng.SuiteRunner.runSequentially(SuiteRunner.java:371)
at org.testng.SuiteRunner.privateRun(SuiteRunner.java:332)
at org.testng.SuiteRunner.run(SuiteRunner.java:276)
at org.testng.SuiteRunnerWorker.runSuite(SuiteRunnerWorker.java:53)
at org.testng.SuiteRunnerWorker.run(SuiteRunnerWorker.java:96)
at org.testng.TestNG.runSuitesSequentially(TestNG.java:1212)
at org.testng.TestNG.runSuitesLocally(TestNG.java:1134)
at org.testng.TestNG.runSuites(TestNG.java:1063)
at org.testng.TestNG.run(TestNG.java:1031)
at org.testng.remote.AbstractRemoteTestNG.run(AbstractRemoteTestNG.java:115)
at org.testng.remote.RemoteTestNG.initAndRun(RemoteTestNG.java:293)
at org.testng.remote.RemoteTestNG.main(RemoteTestNG.java:91)
]]>
    </error>
  </testcase> <!-- ComprehensiveTesting -->
  <system-out>
    <![CDATA[STEP1
STEP2
STEP3
STEP4
STEP5
STEP6
STEP7
STEP8
STEP9
STEP10
STEP11
STEP12
STEP13
STEP14
STEP15
STEP16
STEP17
STEP18
STEP19
STEP20
STEP21
STEP22
STEP23
STEP24
STEP25
STEP26
STEP27
STEP28
STEP29
STEP30
STEP31
STEP32
STEP33
STEP34
STEP35
STEP36
STEP37
STEP38
STEP39
STEP40
STEP41
STEP42
STEP43
STEP44
STEP45
STEP46
STEP47
STEP48
STEP49
STEP50
STEP51
STEP52
STEP53
STEP54
STEP55
STEP56
STEP57
STEP58
STEP59
STEP60
STEP61
STEP62
STEP63
STEP64
STEP65
STEP66
STEP67
STEP68
STEP69
STEP70
STEP71
STEP72
STEP73
STEP74
STEP75
STEP76
STEP77
STEP78
STEP79
STEP80
STEP81
STEP82
STEP83
STEP84
STEP85
STEP86
STEP87
STEP88
STEP89
STEP90
STEP91
STEP92
STEP93
STEP94
STEP95
STEP96
STEP97
STEP98
STEP99
STEP100
STEP101
STEP102
STEP103
STEP104
STEP105
STEP106
STEP107
STEP108
STEP109
STEP110
STEP111
STEP112
STEP113
STEP114
STEP115
STEP116
STEP117
STEP118
STEP119
STEP120
STEP121
STEP122
STEP123
STEP124
STEP125
STEP126
STEP127
STEP128
STEP129
STEP130
STEP131
STEP132
STEP133
STEP134
STEP135
STEP136
STEP137
STEP138
STEP139
STEP140
STEP141
STEP142
STEP143
STEP144
STEP145
STEP146
STEP147
STEP148
STEP149
STEP150
STEP151
STEP152
STEP153
STEP154
STEP155
STEP156
STEP157
STEP158
STEP159
STEP160
STEP161
STEP162
STEP163
STEP164
STEP165
STEP166
STEP167
STEP168
STEP169
STEP170
STEP171
STEP172
STEP173
STEP174
STEP175
STEP176
STEP177
STEP178
STEP179
STEP180
STEP181
STEP182
STEP183
STEP184
STEP185
STEP186
STEP187
STEP188
STEP189
STEP190
STEP191
STEP192
STEP193
STEP194
STEP195
STEP196
STEP197
STEP198
STEP199
STEP200
STEP201
STEP202
STEP203
STEP204
STEP205
STEP206
STEP207
STEP208
STEP209
STEP210
STEP211
STEP212
STEP213
STEP214
STEP215
STEP216
STEP217
STEP218
STEP219
STEP220
STEP221
STEP222
STEP223
STEP224
STEP225
STEP226
STEP227
STEP228
STEP229
STEP230
STEP231
STEP232
STEP233
STEP234
STEP235
STEP236
STEP237
STEP238
STEP239
STEP240
STEP241
STEP242
STEP243
STEP244
STEP245
STEP246
STEP247
STEP248
STEP249
STEP250
STEP251
STEP252
STEP253
STEP254
STEP255
STEP256
STEP257
STEP258
STEP259
STEP260
STEP261
STEP262
STEP263
STEP264
STEP265
STEP266
STEP267
STEP268
STEP269
STEP270
STEP271
STEP272
STEP273
STEP274
STEP275
STEP276
STEP277
STEP278
STEP279
STEP280
STEP281
STEP282
STEP283
STEP284
STEP285
STEP286
STEP287
STEP288
STEP289
STEP290
STEP291
STEP292
STEP293
STEP294
STEP295
STEP296
STEP297
STEP298
STEP299
STEP300
STEP301
STEP302
STEP303
STEP304
STEP305
STEP306
STEP307
STEP308
STEP309
STEP310
STEP311
STEP312
STEP313
STEP314
STEP315
STEP316
STEP317
STEP318
STEP319
STEP320
STEP321
STEP322
STEP323
STEP324
STEP325
STEP326
STEP327
STEP328
STEP329
STEP330
STEP331
STEP332
STEP333
STEP334
STEP335
STEP336
STEP337
STEP338
STEP339
STEP340
STEP341
STEP342
STEP343
STEP344
STEP345
STEP346
STEP347
STEP348
STEP349
STEP350
STEP351
STEP352
STEP353
STEP354
STEP355
STEP356
STEP357
STEP358
STEP359
STEP360
STEP361
STEP362
STEP363
STEP364
STEP365
STEP366
STEP367
STEP368
STEP369
STEP370
STEP371
STEP372
STEP373
STEP374
STEP375
STEP376
STEP377
STEP378
STEP379
STEP380
STEP381
STEP382
STEP383
STEP384
STEP385
STEP386
STEP387
STEP388
STEP389
STEP390
STEP391
STEP392
STEP393
STEP394
STEP395
STEP396
STEP397
STEP398
STEP399
STEP400
STEP401
STEP402
STEP403
STEP404
STEP405
STEP406
STEP407
STEP408
STEP409
STEP410
STEP411
STEP412
STEP413
STEP414
STEP415
STEP416
STEP417
STEP418
STEP419
STEP420
STEP421
STEP422
STEP423
STEP424
STEP425
STEP426
STEP427
STEP428
STEP429
STEP430
STEP431
STEP432
STEP433
STEP434
STEP435
STEP436
STEP437
STEP438
STEP439
STEP440
STEP441
STEP442
STEP443
STEP444
STEP445
STEP446
STEP447
STEP448
STEP449
STEP450
STEP451
STEP452
STEP453
STEP454
STEP455
STEP456
STEP457
STEP458
STEP459
STEP460
STEP461
STEP462
STEP463
STEP464
STEP465
STEP466
STEP467
STEP468
STEP469
STEP470
STEP471
STEP472
STEP473
STEP474
STEP475
STEP476
STEP477
STEP478
STEP479
STEP480
STEP481
STEP482
STEP483
STEP484
STEP485
STEP486
STEP487
STEP488
STEP489
STEP490
STEP491
STEP492
STEP493
STEP494
STEP495
STEP496
STEP497
STEP498
STEP499
STEP500
STEP501
STEP502
STEP503
STEP504
STEP505
STEP506
STEP507
STEP508
STEP509
STEP510
STEP511
STEP512
STEP513
STEP514
STEP515
STEP516
STEP517
STEP518
STEP519
STEP520
STEP521
STEP522
STEP523
STEP524
STEP525
STEP526
STEP527
STEP528
STEP529
STEP530
STEP531
STEP532
STEP533
STEP534
STEP535
STEP536
STEP537
STEP538
STEP539
STEP540
STEP541
STEP542
STEP543
STEP544
STEP545
STEP546
STEP547
STEP548
STEP549
STEP550
STEP551
STEP552
STEP553
STEP554
STEP555
STEP556
STEP557
STEP558
STEP559
STEP560
STEP561
STEP562
STEP563
STEP564
STEP565
STEP566
STEP567
STEP568
STEP569
STEP570
STEP571
STEP572
STEP573
STEP574
STEP575
STEP576
STEP577
STEP578
STEP579
STEP580
STEP581
STEP582
STEP583
STEP584
STEP585
STEP586
STEP587
STEP588
STEP589
STEP590
STEP591
STEP592
STEP593
STEP594
STEP595
STEP596
STEP597
STEP598
STEP599
STEP600
STEP601
STEP602
STEP603
STEP604
STEP605
STEP606
STEP607
STEP608
STEP609
STEP610
STEP611
STEP612
STEP613
STEP614
STEP615
STEP616
STEP617
STEP618
STEP619
STEP620
STEP621
STEP622
STEP623
STEP624
STEP625
STEP626
STEP627
STEP628
STEP629
STEP630
STEP631
STEP632
STEP633
STEP634
STEP635
STEP636
STEP637
STEP638
STEP639
STEP640
STEP641
STEP642
STEP643
STEP644
STEP645
STEP646
STEP647
STEP648
STEP649
STEP650
STEP651
STEP652
STEP653
STEP654
STEP655
STEP656
STEP657
STEP658
STEP659
STEP660
STEP661
STEP662
STEP663
STEP664
STEP665
STEP666
STEP667
STEP668
STEP669
STEP670
STEP671
STEP672
STEP673
STEP674
STEP675
STEP676
STEP677
STEP678
STEP679
STEP680
STEP681
STEP682
STEP683
STEP684
STEP685
STEP686
STEP687
STEP688
STEP689
STEP690
STEP691
STEP692
STEP693
STEP694
STEP695
STEP696
STEP697
STEP698
STEP699
STEP700
STEP701
STEP702
STEP703
STEP704
STEP705
STEP706
STEP707
STEP708
STEP709
STEP710
STEP711
STEP712
STEP713
STEP714
STEP715
STEP716
STEP717
STEP718
STEP719
STEP720
STEP721
STEP722
STEP723
STEP724
STEP725
STEP726
STEP727
STEP728
STEP729
STEP730
STEP731
STEP732
STEP733
STEP734
STEP735
STEP736
STEP737
STEP738
STEP739
STEP740
STEP741
STEP742
STEP743
STEP744
STEP745
STEP746
STEP747
STEP748
STEP749
STEP750
STEP751
STEP752
STEP753
STEP754
STEP755
STEP756
STEP757
STEP758
STEP759
STEP760
STEP761
STEP762
STEP763
STEP764
STEP765
STEP766
STEP767
STEP768
STEP769
STEP770
STEP771
STEP772
STEP773
STEP774
STEP775
STEP776
STEP777
STEP778
STEP779
STEP780
STEP781
STEP782
STEP783
STEP784
STEP785
STEP786
STEP787
STEP788
STEP789
STEP790
STEP791
STEP792
STEP793
STEP794
STEP795
STEP796
STEP797
STEP798
STEP799
STEP800
STEP801
STEP802
STEP803
STEP804
STEP805
STEP806
STEP807
STEP808
STEP809
STEP810
STEP811
STEP812
STEP813
STEP814
STEP815
STEP816
STEP817
STEP818
STEP819
STEP820
STEP821
STEP822
STEP823
STEP824
STEP825
STEP826
STEP827
STEP828
STEP829
STEP830
STEP831
STEP832
STEP833
STEP834
STEP835
STEP836
STEP837
STEP838
STEP839
STEP840
STEP841
STEP842
STEP843
STEP844
STEP845
STEP846
STEP847
STEP848
STEP849
STEP850
STEP851
STEP852
STEP853
STEP854
STEP855
STEP856
STEP857
STEP858
STEP859
STEP860
STEP861
STEP862
STEP863
STEP864
STEP865
STEP866
STEP867
STEP868
STEP869
STEP870
STEP871
STEP872
STEP873
STEP874
STEP875
STEP876
STEP877
STEP878
STEP879
STEP880
STEP881
STEP882
STEP883
STEP884
STEP885
STEP886
STEP887
STEP888
STEP889
STEP890
STEP891
STEP892
STEP893
STEP894
STEP895
STEP896
STEP897
STEP898
STEP899
STEP900
STEP901
STEP902
STEP903
STEP904
STEP905
STEP906
STEP907
STEP908
STEP909
STEP910
STEP911
STEP912
STEP913
STEP914
STEP915
STEP916
STEP917
STEP918
STEP919
STEP920
STEP921
STEP922
STEP923
STEP924
STEP925
STEP926
STEP927
STEP928
STEP929
STEP930
STEP931
STEP932
STEP933
STEP934
STEP935
STEP936
STEP937
STEP938
STEP939
STEP940
STEP941
STEP942
STEP943
STEP944
STEP945
STEP946
STEP947
STEP948
STEP949
STEP950
STEP951
STEP952
STEP953
STEP954
STEP955
STEP956
STEP957
STEP958
STEP959
STEP960
STEP961
STEP962
STEP963
STEP964
STEP965
STEP966
STEP967
STEP968
STEP969
STEP970
STEP971
STEP972
STEP973
STEP974
STEP975
STEP976
STEP977
STEP978
STEP979
STEP980
STEP981
STEP982
STEP983
STEP984
STEP985
STEP986
STEP987
STEP988
STEP989
STEP990
STEP991
STEP992
STEP993
STEP994
STEP995
STEP996
STEP997
STEP998
STEP999
STEP1000
STEP1001
STEP1002
STEP1003
STEP1004
STEP1005
STEP1006
STEP1007
STEP1008
STEP1009
STEP1010
STEP1011
STEP1012
STEP1013
STEP1014
STEP1015
STEP1016
STEP1017
STEP1018
STEP1019
STEP1020
STEP1021
STEP1022
STEP1023
STEP1024
STEP1025
STEP1026
STEP1027
STEP1028
STEP1029
STEP1030
STEP1031
STEP1032
STEP1033
STEP1034
STEP1035
STEP1036
STEP1037
STEP1038
STEP1039
STEP1040
STEP1041
STEP1042
STEP1043
STEP1044
STEP1045
STEP1046
STEP1047
STEP1048
STEP1049
STEP1050
STEP1051
STEP1052
STEP1053
STEP1054
STEP1055
STEP1056
STEP1057
STEP1058
STEP1059
STEP1060
STEP1061
STEP1062
STEP1063
STEP1064
STEP1065
STEP1066
STEP1067
STEP1068
STEP1069
STEP1070
STEP1071
STEP1072
STEP1073
STEP1074
STEP1075
STEP1076
STEP1077
STEP1078
STEP1079
STEP1080
STEP1081
STEP1082
STEP1083
STEP1084
STEP1085
STEP1086
STEP1087
STEP1088
STEP1089
STEP1090
STEP1091
STEP1092
STEP1093
STEP1094
STEP1095
STEP1096
STEP1097
STEP1098
STEP1099]]>
  </system-out>
</testsuite> <!-- commonMethods.Testcases -->
